#-----------------------------------------------------------
# Vivado v2018.3 (64-bit)
# SW Build 2405991 on Thu Dec  6 23:38:27 MST 2018
# IP Build 2404404 on Fri Dec  7 01:43:56 MST 2018
# Start of session at: Mon Apr 10 12:11:08 2023
# Process ID: 10996
# Current directory: C:/Users/Aryan/Desktop/DPPD
# Command line: vivado.exe -gui_launcher_event rodinguilauncherevent2664 C:\Users\Aryan\Desktop\DPPD\adder_subtractor.xpr
# Log file: C:/Users/Aryan/Desktop/DPPD/vivado.log
# Journal file: C:/Users/Aryan/Desktop/DPPD\vivado.jou
#-----------------------------------------------------------
start_gui
open_project C:/Users/Aryan/Desktop/DPPD/adder_subtractor.xpr
INFO: [Project 1-313] Project file moved from 'C:/Users/abhis/Vivado Projects/adder_subtractor' since last save.
CRITICAL WARNING: [Project 1-311] Could not find the file 'C:/Users/Aryan/Desktop/DPPD/adder_subtractor.srcs/sources_1/new/adder_subtractor.v', nor could it be found using path 'C:/Users/abhis/Vivado Projects/adder_subtractor/adder_subtractor.srcs/sources_1/new/adder_subtractor.v'.
CRITICAL WARNING: [Project 1-311] Could not find the file 'C:/Users/Aryan/Desktop/DPPD/adder_subtractor.srcs/sim_1/new/test.v', nor could it be found using path 'C:/Users/abhis/Vivado Projects/adder_subtractor/adder_subtractor.srcs/sim_1/new/test.v'.
Scanning sources...
Finished scanning sources
WARNING: [filemgmt 56-2] IPUserFilesDir: Could not find the directory 'C:/Users/Aryan/Desktop/DPPD/adder_subtractor.ip_user_files', nor could it be found using path 'C:/Users/abhis/Vivado Projects/adder_subtractor/adder_subtractor.ip_user_files'.
INFO: [IP_Flow 19-234] Refreshing IP repositories
INFO: [IP_Flow 19-1704] No user IP repositories specified
INFO: [IP_Flow 19-2313] Loaded Vivado IP repository 'R:/vivado/Vivado/2018.3/data/ip'.
update_compile_order -fileset sim_1
update_compile_order -fileset sources_1
exit
INFO: [Common 17-206] Exiting Vivado at Mon Apr 10 12:11:42 2023...
